<?xml version="1.0" encoding="UTF-8"?>
<testng-results skipped="0" failed="0" total="1" passed="1">
  <reporter-output>
  </reporter-output>
  <suite name="Suite" duration-ms="5146" started-at="2019-03-18T01:33:21Z" finished-at="2019-03-18T01:33:26Z">
    <groups>
    </groups>
    <test name="Test" duration-ms="5146" started-at="2019-03-18T01:33:21Z" finished-at="2019-03-18T01:33:26Z">
      <class name="openbaidu.openbaidu">
        <test-method status="PASS" signature="youx()[pri:0, instance:openbaidu.openbaidu@449b2d27]" name="youx" duration-ms="5136" started-at="2019-03-18T09:33:21Z" finished-at="2019-03-18T09:33:26Z">
          <reporter-output>
          </reporter-output>
        </test-method> <!-- youx -->
      </class> <!-- openbaidu.openbaidu -->
    </test> <!-- Test -->
  </suite> <!-- Suite -->
</testng-results>
